2025/08/29 20:50:29 [error] 32#32: *7 access forbidden by rule, client: 192.168.65.1, server: _, request: "GET /.well-known/appspecific/com.chrome.devtools.json HTTP/1.1", host: "localhost"
2025/08/29 20:50:32 [error] 32#32: *13 access forbidden by rule, client: 192.168.65.1, server: _, request: "GET /.well-known/appspecific/com.chrome.devtools.json HTTP/1.1", host: "localhost"
2025/08/29 21:42:33 [error] 30#30: *10 access forbidden by rule, client: 192.168.65.1, server: _, request: "GET /.well-known/appspecific/com.chrome.devtools.json HTTP/1.1", host: "localhost"
2025/08/29 21:44:16 [error] 30#30: *15 access forbidden by rule, client: 192.168.65.1, server: _, request: "GET /.well-known/appspecific/com.chrome.devtools.json HTTP/1.1", host: "localhost"
2025/08/29 21:58:37 [error] 30#30: *2 access forbidden by rule, client: 192.168.65.1, server: _, request: "GET /.well-known/appspecific/com.chrome.devtools.json HTTP/1.1", host: "localhost"
2025/08/29 21:58:40 [error] 30#30: *7 access forbidden by rule, client: 192.168.65.1, server: _, request: "GET /.well-known/appspecific/com.chrome.devtools.json HTTP/1.1", host: "localhost"
2025/08/29 21:58:49 [error] 30#30: *2 access forbidden by rule, client: 192.168.65.1, server: _, request: "GET /.well-known/appspecific/com.chrome.devtools.json HTTP/1.1", host: "localhost"
2025/08/29 22:16:56 [notice] 1#1: using the "epoll" event method
2025/08/29 22:16:56 [notice] 1#1: nginx/1.29.1
2025/08/29 22:16:56 [notice] 1#1: built by gcc 14.2.0 (Alpine 14.2.0) 
2025/08/29 22:16:56 [notice] 1#1: OS: Linux 6.10.14-linuxkit
2025/08/29 22:16:56 [notice] 1#1: getrlimit(RLIMIT_NOFILE): 1048576:1048576
2025/08/29 22:16:56 [notice] 1#1: start worker processes
2025/08/29 22:16:56 [notice] 1#1: start worker process 21
2025/08/29 22:16:56 [notice] 1#1: start worker process 22
2025/08/29 22:16:56 [notice] 1#1: start worker process 23
2025/08/29 22:16:56 [notice] 1#1: start worker process 24
2025/08/29 22:16:56 [notice] 1#1: start worker process 25
2025/08/29 22:16:56 [notice] 1#1: start worker process 26
2025/08/29 22:16:56 [notice] 1#1: start worker process 27
2025/08/29 22:16:56 [notice] 1#1: start worker process 28
2025/08/29 22:16:56 [notice] 1#1: start worker process 29
2025/08/29 22:16:56 [notice] 1#1: start worker process 30
2025/08/29 22:16:56 [notice] 1#1: start worker process 31
2025/08/29 22:16:56 [notice] 1#1: start worker process 32
2025/08/29 22:16:56 [notice] 1#1: start cache manager process 33
2025/08/29 22:16:56 [notice] 1#1: start cache loader process 34
2025/08/29 22:17:56 [notice] 34#34: http file cache: /var/cache/nginx/api 0.000M, bsize: 4096
2025/08/29 22:17:56 [notice] 34#34: http file cache: /var/cache/nginx/static 0.000M, bsize: 4096
2025/08/29 22:17:56 [notice] 34#34: http file cache: /var/cache/nginx/images 0.000M, bsize: 4096
2025/08/29 22:17:56 [notice] 1#1: signal 17 (SIGCHLD) received from 34
2025/08/29 22:17:56 [notice] 1#1: cache loader process 34 exited with code 0
2025/08/29 22:17:56 [notice] 1#1: signal 29 (SIGIO) received
2025/08/29 22:17:58 [error] 27#27: *9 access forbidden by rule, client: 192.168.65.1, server: _, request: "GET /.well-known/appspecific/com.chrome.devtools.json HTTP/1.1", host: "localhost"
2025/08/29 22:20:08 [notice] 1#1: signal 3 (SIGQUIT) received, shutting down
2025/08/29 22:20:08 [notice] 21#21: gracefully shutting down
2025/08/29 22:20:08 [notice] 23#23: gracefully shutting down
2025/08/29 22:20:08 [notice] 24#24: gracefully shutting down
2025/08/29 22:20:08 [notice] 25#25: gracefully shutting down
2025/08/29 22:20:08 [notice] 21#21: exiting
2025/08/29 22:20:08 [notice] 33#33: exiting
2025/08/29 22:20:08 [notice] 22#22: gracefully shutting down
2025/08/29 22:20:08 [notice] 26#26: gracefully shutting down
2025/08/29 22:20:08 [notice] 23#23: exiting
2025/08/29 22:20:08 [notice] 31#31: gracefully shutting down
2025/08/29 22:20:08 [notice] 27#27: gracefully shutting down
2025/08/29 22:20:08 [notice] 32#32: gracefully shutting down
2025/08/29 22:20:08 [notice] 28#28: gracefully shutting down
2025/08/29 22:20:08 [notice] 29#29: gracefully shutting down
2025/08/29 22:20:08 [notice] 30#30: gracefully shutting down
2025/08/29 22:20:08 [notice] 24#24: exiting
2025/08/29 22:20:08 [notice] 25#25: exiting
2025/08/29 22:20:08 [notice] 26#26: exiting
2025/08/29 22:20:08 [notice] 22#22: exiting
2025/08/29 22:20:08 [notice] 21#21: exit
2025/08/29 22:20:08 [notice] 23#23: exit
2025/08/29 22:20:08 [notice] 28#28: exiting
2025/08/29 22:20:08 [notice] 27#27: exiting
2025/08/29 22:20:08 [notice] 32#32: exiting
2025/08/29 22:20:08 [notice] 29#29: exiting
2025/08/29 22:20:08 [notice] 24#24: exit
2025/08/29 22:20:08 [notice] 25#25: exit
2025/08/29 22:20:08 [notice] 26#26: exit
2025/08/29 22:20:08 [notice] 22#22: exit
2025/08/29 22:20:08 [notice] 30#30: exiting
2025/08/29 22:20:08 [notice] 31#31: exiting
2025/08/29 22:20:08 [notice] 27#27: exit
2025/08/29 22:20:08 [notice] 32#32: exit
2025/08/29 22:20:08 [notice] 28#28: exit
2025/08/29 22:20:08 [notice] 31#31: exit
2025/08/29 22:20:08 [notice] 29#29: exit
2025/08/29 22:20:08 [notice] 30#30: exit
2025/08/29 22:20:08 [notice] 1#1: signal 17 (SIGCHLD) received from 23
2025/08/29 22:20:08 [notice] 1#1: worker process 23 exited with code 0
2025/08/29 22:20:08 [notice] 1#1: signal 29 (SIGIO) received
2025/08/29 22:20:08 [notice] 1#1: signal 17 (SIGCHLD) received from 21
2025/08/29 22:20:08 [notice] 1#1: worker process 21 exited with code 0
2025/08/29 22:20:08 [notice] 1#1: worker process 24 exited with code 0
2025/08/29 22:20:08 [notice] 1#1: worker process 26 exited with code 0
2025/08/29 22:20:08 [notice] 1#1: worker process 27 exited with code 0
2025/08/29 22:20:08 [notice] 1#1: worker process 28 exited with code 0
2025/08/29 22:20:08 [notice] 1#1: worker process 31 exited with code 0
2025/08/29 22:20:08 [notice] 1#1: worker process 32 exited with code 0
2025/08/29 22:20:08 [notice] 1#1: cache manager process 33 exited with code 0
2025/08/29 22:20:08 [notice] 1#1: signal 29 (SIGIO) received
2025/08/29 22:20:08 [notice] 1#1: signal 17 (SIGCHLD) received from 32
2025/08/29 22:20:08 [notice] 1#1: signal 17 (SIGCHLD) received from 25
2025/08/29 22:20:08 [notice] 1#1: worker process 25 exited with code 0
2025/08/29 22:20:08 [notice] 1#1: worker process 29 exited with code 0
2025/08/29 22:20:08 [notice] 1#1: worker process 22 exited with code 0
2025/08/29 22:20:08 [notice] 1#1: worker process 30 exited with code 0
2025/08/29 22:20:08 [notice] 1#1: exit
2025/08/29 22:21:11 [notice] 1#1: using the "epoll" event method
2025/08/29 22:21:11 [notice] 1#1: nginx/1.29.1
2025/08/29 22:21:11 [notice] 1#1: built by gcc 14.2.0 (Alpine 14.2.0) 
2025/08/29 22:21:11 [notice] 1#1: OS: Linux 6.10.14-linuxkit
2025/08/29 22:21:11 [notice] 1#1: getrlimit(RLIMIT_NOFILE): 1048576:1048576
2025/08/29 22:21:11 [notice] 1#1: start worker processes
2025/08/29 22:21:11 [notice] 1#1: start worker process 21
2025/08/29 22:21:11 [notice] 1#1: start worker process 22
2025/08/29 22:21:11 [notice] 1#1: start worker process 23
2025/08/29 22:21:11 [notice] 1#1: start worker process 24
2025/08/29 22:21:11 [notice] 1#1: start worker process 25
2025/08/29 22:21:11 [notice] 1#1: start worker process 26
2025/08/29 22:21:11 [notice] 1#1: start worker process 27
2025/08/29 22:21:11 [notice] 1#1: start worker process 28
2025/08/29 22:21:11 [notice] 1#1: start worker process 29
2025/08/29 22:21:11 [notice] 1#1: start worker process 30
2025/08/29 22:21:11 [notice] 1#1: start worker process 31
2025/08/29 22:21:11 [notice] 1#1: start worker process 32
2025/08/29 22:21:11 [notice] 1#1: start cache manager process 33
2025/08/29 22:21:11 [notice] 1#1: start cache loader process 34
2025/08/29 22:22:11 [notice] 34#34: http file cache: /var/cache/nginx/api 0.000M, bsize: 4096
2025/08/29 22:22:11 [notice] 34#34: http file cache: /var/cache/nginx/static 0.000M, bsize: 4096
2025/08/29 22:22:11 [notice] 34#34: http file cache: /var/cache/nginx/images 0.000M, bsize: 4096
2025/08/29 22:22:11 [notice] 1#1: signal 17 (SIGCHLD) received from 34
2025/08/29 22:22:11 [notice] 1#1: cache loader process 34 exited with code 0
2025/08/29 22:22:11 [notice] 1#1: signal 29 (SIGIO) received
2025/08/29 22:22:55 [error] 21#21: *1 access forbidden by rule, client: 192.168.65.1, server: _, request: "GET /.well-known/appspecific/com.chrome.devtools.json HTTP/1.1", host: "localhost"
2025/08/29 22:22:58 [error] 27#27: *11 access forbidden by rule, client: 192.168.65.1, server: _, request: "GET /.well-known/appspecific/com.chrome.devtools.json HTTP/1.1", host: "localhost"
2025/08/29 22:23:00 [error] 24#24: *3 access forbidden by rule, client: 192.168.65.1, server: _, request: "GET /.well-known/appspecific/com.chrome.devtools.json HTTP/1.1", host: "localhost"
2025/08/29 22:24:21 [error] 28#28: *15 access forbidden by rule, client: 192.168.65.1, server: _, request: "GET /.well-known/appspecific/com.chrome.devtools.json HTTP/1.1", host: "localhost"
2025/08/29 22:24:26 [error] 28#28: *15 access forbidden by rule, client: 192.168.65.1, server: _, request: "GET /.well-known/appspecific/com.chrome.devtools.json HTTP/1.1", host: "localhost"
2025/08/29 22:24:28 [error] 28#28: *15 access forbidden by rule, client: 192.168.65.1, server: _, request: "GET /.well-known/appspecific/com.chrome.devtools.json HTTP/1.1", host: "localhost"
2025/08/29 22:24:28 [error] 28#28: *15 access forbidden by rule, client: 192.168.65.1, server: _, request: "GET /.well-known/appspecific/com.chrome.devtools.json HTTP/1.1", host: "localhost"
2025/08/29 22:28:05 [notice] 1#1: signal 3 (SIGQUIT) received, shutting down
2025/08/29 22:28:05 [notice] 21#21: gracefully shutting down
2025/08/29 22:28:05 [notice] 22#22: gracefully shutting down
2025/08/29 22:28:05 [notice] 23#23: gracefully shutting down
2025/08/29 22:28:05 [notice] 24#24: gracefully shutting down
2025/08/29 22:28:05 [notice] 25#25: gracefully shutting down
2025/08/29 22:28:05 [notice] 28#28: gracefully shutting down
2025/08/29 22:28:05 [notice] 23#23: exiting
2025/08/29 22:28:05 [notice] 30#30: gracefully shutting down
2025/08/29 22:28:05 [notice] 31#31: gracefully shutting down
2025/08/29 22:28:05 [notice] 32#32: gracefully shutting down
2025/08/29 22:28:05 [notice] 33#33: exiting
2025/08/29 22:28:05 [notice] 24#24: exiting
2025/08/29 22:28:05 [notice] 31#31: exiting
2025/08/29 22:28:05 [notice] 25#25: exiting
2025/08/29 22:28:05 [notice] 29#29: gracefully shutting down
2025/08/29 22:28:05 [notice] 27#27: gracefully shutting down
2025/08/29 22:28:05 [notice] 27#27: exiting
2025/08/29 22:28:05 [notice] 26#26: gracefully shutting down
2025/08/29 22:28:05 [notice] 21#21: exiting
2025/08/29 22:28:05 [notice] 22#22: exiting
2025/08/29 22:28:05 [notice] 30#30: exiting
2025/08/29 22:28:05 [notice] 28#28: exiting
2025/08/29 22:28:05 [notice] 32#32: exiting
2025/08/29 22:28:05 [notice] 24#24: exit
2025/08/29 22:28:05 [notice] 31#31: exit
2025/08/29 22:28:05 [notice] 28#28: exit
2025/08/29 22:28:05 [notice] 23#23: exit
2025/08/29 22:28:05 [notice] 25#25: exit
2025/08/29 22:28:05 [notice] 26#26: exiting
2025/08/29 22:28:05 [notice] 21#21: exit
2025/08/29 22:28:05 [notice] 29#29: exiting
2025/08/29 22:28:05 [notice] 22#22: exit
2025/08/29 22:28:05 [notice] 30#30: exit
2025/08/29 22:28:05 [notice] 27#27: exit
2025/08/29 22:28:05 [notice] 32#32: exit
2025/08/29 22:28:05 [notice] 26#26: exit
2025/08/29 22:28:05 [notice] 29#29: exit
2025/08/29 22:28:05 [notice] 1#1: signal 17 (SIGCHLD) received from 33
2025/08/29 22:28:05 [notice] 1#1: cache manager process 33 exited with code 0
2025/08/29 22:28:05 [notice] 1#1: signal 29 (SIGIO) received
2025/08/29 22:28:05 [notice] 1#1: signal 17 (SIGCHLD) received from 32
2025/08/29 22:28:05 [notice] 1#1: worker process 22 exited with code 0
2025/08/29 22:28:05 [notice] 1#1: worker process 23 exited with code 0
2025/08/29 22:28:05 [notice] 1#1: worker process 24 exited with code 0
2025/08/29 22:28:05 [notice] 1#1: worker process 25 exited with code 0
2025/08/29 22:28:05 [notice] 1#1: worker process 26 exited with code 0
2025/08/29 22:28:05 [notice] 1#1: worker process 27 exited with code 0
2025/08/29 22:28:05 [notice] 1#1: worker process 28 exited with code 0
2025/08/29 22:28:05 [notice] 1#1: worker process 29 exited with code 0
2025/08/29 22:28:05 [notice] 1#1: worker process 30 exited with code 0
2025/08/29 22:28:05 [notice] 1#1: worker process 31 exited with code 0
2025/08/29 22:28:05 [notice] 1#1: worker process 32 exited with code 0
2025/08/29 22:28:05 [notice] 1#1: signal 29 (SIGIO) received
2025/08/29 22:28:05 [notice] 1#1: signal 17 (SIGCHLD) received from 29
2025/08/29 22:28:05 [notice] 1#1: signal 17 (SIGCHLD) received from 21
2025/08/29 22:28:05 [notice] 1#1: worker process 21 exited with code 0
2025/08/29 22:28:05 [notice] 1#1: exit
2025/08/29 22:37:13 [notice] 1#1: using the "epoll" event method
2025/08/29 22:37:13 [notice] 1#1: nginx/1.29.1
2025/08/29 22:37:13 [notice] 1#1: built by gcc 14.2.0 (Alpine 14.2.0) 
2025/08/29 22:37:13 [notice] 1#1: OS: Linux 6.10.14-linuxkit
2025/08/29 22:37:13 [notice] 1#1: getrlimit(RLIMIT_NOFILE): 1048576:1048576
2025/08/29 22:37:13 [notice] 1#1: start worker processes
2025/08/29 22:37:13 [notice] 1#1: start worker process 21
2025/08/29 22:37:13 [notice] 1#1: start worker process 22
2025/08/29 22:37:13 [notice] 1#1: start worker process 23
2025/08/29 22:37:13 [notice] 1#1: start worker process 24
2025/08/29 22:37:13 [notice] 1#1: start worker process 25
2025/08/29 22:37:13 [notice] 1#1: start worker process 26
2025/08/29 22:37:13 [notice] 1#1: start worker process 27
2025/08/29 22:37:13 [notice] 1#1: start worker process 28
2025/08/29 22:37:13 [notice] 1#1: start worker process 29
2025/08/29 22:37:13 [notice] 1#1: start worker process 30
2025/08/29 22:37:13 [notice] 1#1: start worker process 31
2025/08/29 22:37:13 [notice] 1#1: start worker process 32
2025/08/29 22:37:13 [notice] 1#1: start cache manager process 33
2025/08/29 22:37:13 [notice] 1#1: start cache loader process 34
2025/08/29 22:38:13 [notice] 34#34: http file cache: /var/cache/nginx/api 0.000M, bsize: 4096
2025/08/29 22:38:13 [notice] 34#34: http file cache: /var/cache/nginx/static 0.000M, bsize: 4096
2025/08/29 22:38:13 [notice] 34#34: http file cache: /var/cache/nginx/images 0.000M, bsize: 4096
2025/08/29 22:38:13 [notice] 1#1: signal 17 (SIGCHLD) received from 34
2025/08/29 22:38:13 [notice] 1#1: cache loader process 34 exited with code 0
2025/08/29 22:38:13 [notice] 1#1: signal 29 (SIGIO) received
2025/08/29 22:38:28 [notice] 1#1: signal 3 (SIGQUIT) received, shutting down
2025/08/29 22:38:28 [notice] 21#21: gracefully shutting down
2025/08/29 22:38:28 [notice] 27#27: gracefully shutting down
2025/08/29 22:38:28 [notice] 22#22: gracefully shutting down
2025/08/29 22:38:28 [notice] 23#23: gracefully shutting down
2025/08/29 22:38:28 [notice] 24#24: gracefully shutting down
2025/08/29 22:38:28 [notice] 26#26: gracefully shutting down
2025/08/29 22:38:28 [notice] 25#25: gracefully shutting down
2025/08/29 22:38:28 [notice] 28#28: gracefully shutting down
2025/08/29 22:38:28 [notice] 28#28: exiting
2025/08/29 22:38:28 [notice] 29#29: gracefully shutting down
2025/08/29 22:38:28 [notice] 29#29: exiting
2025/08/29 22:38:28 [notice] 30#30: gracefully shutting down
2025/08/29 22:38:28 [notice] 31#31: gracefully shutting down
2025/08/29 22:38:28 [notice] 21#21: exiting
2025/08/29 22:38:28 [notice] 33#33: exiting
2025/08/29 22:38:28 [notice] 32#32: gracefully shutting down
2025/08/29 22:38:28 [notice] 27#27: exiting
2025/08/29 22:38:28 [notice] 22#22: exiting
2025/08/29 22:38:28 [notice] 23#23: exiting
2025/08/29 22:38:28 [notice] 24#24: exiting
2025/08/29 22:38:28 [notice] 26#26: exiting
2025/08/29 22:38:28 [notice] 25#25: exiting
2025/08/29 22:38:28 [notice] 30#30: exiting
2025/08/29 22:38:28 [notice] 31#31: exiting
2025/08/29 22:38:28 [notice] 32#32: exiting
2025/08/29 22:38:28 [notice] 30#30: exit
2025/08/29 22:38:28 [notice] 21#21: exit
2025/08/29 22:38:28 [notice] 26#26: exit
2025/08/29 22:38:28 [notice] 29#29: exit
2025/08/29 22:38:28 [notice] 24#24: exit
2025/08/29 22:38:28 [notice] 22#22: exit
2025/08/29 22:38:28 [notice] 23#23: exit
2025/08/29 22:38:28 [notice] 27#27: exit
2025/08/29 22:38:28 [notice] 28#28: exit
2025/08/29 22:38:28 [notice] 25#25: exit
2025/08/29 22:38:28 [notice] 31#31: exit
2025/08/29 22:38:28 [notice] 32#32: exit
2025/08/29 22:38:28 [notice] 1#1: signal 17 (SIGCHLD) received from 30
2025/08/29 22:38:28 [notice] 1#1: worker process 21 exited with code 0
2025/08/29 22:38:28 [notice] 1#1: worker process 22 exited with code 0
2025/08/29 22:38:28 [notice] 1#1: worker process 23 exited with code 0
2025/08/29 22:38:28 [notice] 1#1: worker process 24 exited with code 0
2025/08/29 22:38:28 [notice] 1#1: worker process 25 exited with code 0
2025/08/29 22:38:28 [notice] 1#1: worker process 26 exited with code 0
2025/08/29 22:38:28 [notice] 1#1: worker process 27 exited with code 0
2025/08/29 22:38:28 [notice] 1#1: worker process 28 exited with code 0
2025/08/29 22:38:28 [notice] 1#1: worker process 29 exited with code 0
2025/08/29 22:38:28 [notice] 1#1: worker process 30 exited with code 0
2025/08/29 22:38:28 [notice] 1#1: worker process 31 exited with code 0
2025/08/29 22:38:28 [notice] 1#1: cache manager process 33 exited with code 0
2025/08/29 22:38:28 [notice] 1#1: signal 29 (SIGIO) received
2025/08/29 22:38:28 [notice] 1#1: signal 17 (SIGCHLD) received from 24
2025/08/29 22:38:28 [notice] 1#1: signal 17 (SIGCHLD) received from 32
2025/08/29 22:38:28 [notice] 1#1: worker process 32 exited with code 0
2025/08/29 22:38:28 [notice] 1#1: exit
2025/08/29 22:39:25 [notice] 1#1: using the "epoll" event method
2025/08/29 22:39:25 [notice] 1#1: nginx/1.29.1
2025/08/29 22:39:25 [notice] 1#1: built by gcc 14.2.0 (Alpine 14.2.0) 
2025/08/29 22:39:25 [notice] 1#1: OS: Linux 6.10.14-linuxkit
2025/08/29 22:39:25 [notice] 1#1: getrlimit(RLIMIT_NOFILE): 1048576:1048576
2025/08/29 22:39:25 [notice] 1#1: start worker processes
2025/08/29 22:39:25 [notice] 1#1: start worker process 21
2025/08/29 22:39:25 [notice] 1#1: start worker process 22
2025/08/29 22:39:25 [notice] 1#1: start worker process 23
2025/08/29 22:39:25 [notice] 1#1: start worker process 24
2025/08/29 22:39:25 [notice] 1#1: start worker process 25
2025/08/29 22:39:25 [notice] 1#1: start worker process 26
2025/08/29 22:39:25 [notice] 1#1: start worker process 27
2025/08/29 22:39:25 [notice] 1#1: start worker process 28
2025/08/29 22:39:25 [notice] 1#1: start worker process 29
2025/08/29 22:39:25 [notice] 1#1: start worker process 30
2025/08/29 22:39:25 [notice] 1#1: start worker process 31
2025/08/29 22:39:25 [notice] 1#1: start worker process 32
2025/08/29 22:39:25 [notice] 1#1: start cache manager process 33
2025/08/29 22:39:25 [notice] 1#1: start cache loader process 34
2025/08/29 22:40:10 [error] 23#23: *3 access forbidden by rule, client: 192.168.65.1, server: _, request: "GET /.well-known/appspecific/com.chrome.devtools.json HTTP/1.1", host: "localhost"
2025/08/29 22:40:25 [notice] 34#34: http file cache: /var/cache/nginx/api 0.020M, bsize: 4096
2025/08/29 22:40:25 [notice] 34#34: http file cache: /var/cache/nginx/static 0.000M, bsize: 4096
2025/08/29 22:40:25 [notice] 34#34: http file cache: /var/cache/nginx/images 0.000M, bsize: 4096
2025/08/29 22:40:25 [notice] 1#1: signal 17 (SIGCHLD) received from 34
2025/08/29 22:40:25 [notice] 1#1: cache loader process 34 exited with code 0
2025/08/29 22:40:25 [notice] 1#1: signal 29 (SIGIO) received
2025/08/29 22:48:54 [notice] 1#1: signal 3 (SIGQUIT) received, shutting down
2025/08/29 22:48:54 [notice] 21#21: gracefully shutting down
2025/08/29 22:48:54 [notice] 31#31: gracefully shutting down
2025/08/29 22:48:54 [notice] 22#22: gracefully shutting down
2025/08/29 22:48:54 [notice] 24#24: gracefully shutting down
2025/08/29 22:48:54 [notice] 23#23: gracefully shutting down
2025/08/29 22:48:54 [notice] 25#25: gracefully shutting down
2025/08/29 22:48:54 [notice] 27#27: gracefully shutting down
2025/08/29 22:48:54 [notice] 23#23: exiting
2025/08/29 22:48:54 [notice] 30#30: gracefully shutting down
2025/08/29 22:48:54 [notice] 26#26: gracefully shutting down
2025/08/29 22:48:54 [notice] 28#28: gracefully shutting down
2025/08/29 22:48:54 [notice] 33#33: exiting
2025/08/29 22:48:54 [notice] 29#29: gracefully shutting down
2025/08/29 22:48:54 [notice] 32#32: gracefully shutting down
2025/08/29 22:48:54 [notice] 22#22: exiting
2025/08/29 22:48:54 [notice] 21#21: exiting
2025/08/29 22:48:54 [notice] 24#24: exiting
2025/08/29 22:48:54 [notice] 31#31: exiting
2025/08/29 22:48:54 [notice] 27#27: exiting
2025/08/29 22:48:54 [notice] 30#30: exiting
2025/08/29 22:48:54 [notice] 25#25: exiting
2025/08/29 22:48:54 [notice] 28#28: exiting
2025/08/29 22:48:54 [notice] 29#29: exiting
2025/08/29 22:48:54 [notice] 24#24: exit
2025/08/29 22:48:54 [notice] 26#26: exiting
2025/08/29 22:48:54 [notice] 21#21: exit
2025/08/29 22:48:54 [notice] 22#22: exit
2025/08/29 22:48:54 [notice] 23#23: exit
2025/08/29 22:48:54 [notice] 31#31: exit
2025/08/29 22:48:54 [notice] 32#32: exiting
2025/08/29 22:48:54 [notice] 27#27: exit
2025/08/29 22:48:54 [notice] 30#30: exit
2025/08/29 22:48:54 [notice] 29#29: exit
2025/08/29 22:48:54 [notice] 25#25: exit
2025/08/29 22:48:54 [notice] 28#28: exit
2025/08/29 22:48:54 [notice] 26#26: exit
2025/08/29 22:48:54 [notice] 32#32: exit
2025/08/29 22:48:54 [notice] 1#1: signal 17 (SIGCHLD) received from 30
2025/08/29 22:48:54 [notice] 1#1: worker process 21 exited with code 0
2025/08/29 22:48:54 [notice] 1#1: worker process 27 exited with code 0
2025/08/29 22:48:54 [notice] 1#1: worker process 22 exited with code 0
2025/08/29 22:48:54 [notice] 1#1: worker process 28 exited with code 0
2025/08/29 22:48:54 [notice] 1#1: worker process 29 exited with code 0
2025/08/29 22:48:54 [notice] 1#1: worker process 30 exited with code 0
2025/08/29 22:48:54 [notice] 1#1: worker process 31 exited with code 0
2025/08/29 22:48:54 [notice] 1#1: signal 29 (SIGIO) received
2025/08/29 22:48:54 [notice] 1#1: signal 17 (SIGCHLD) received from 29
2025/08/29 22:48:54 [notice] 1#1: signal 17 (SIGCHLD) received from 32
2025/08/29 22:48:54 [notice] 1#1: worker process 23 exited with code 0
2025/08/29 22:48:54 [notice] 1#1: worker process 24 exited with code 0
2025/08/29 22:48:54 [notice] 1#1: worker process 32 exited with code 0
2025/08/29 22:48:54 [notice] 1#1: signal 29 (SIGIO) received
2025/08/29 22:48:54 [notice] 1#1: signal 17 (SIGCHLD) received from 24
2025/08/29 22:48:54 [notice] 1#1: worker process 25 exited with code 0
2025/08/29 22:48:54 [notice] 1#1: signal 29 (SIGIO) received
2025/08/29 22:48:54 [notice] 1#1: signal 17 (SIGCHLD) received from 33
2025/08/29 22:48:54 [notice] 1#1: cache manager process 33 exited with code 0
2025/08/29 22:48:54 [notice] 1#1: worker process 26 exited with code 0
2025/08/29 22:48:54 [notice] 1#1: exit
2025/08/29 22:49:58 [notice] 1#1: using the "epoll" event method
2025/08/29 22:49:58 [notice] 1#1: nginx/1.29.1
2025/08/29 22:49:58 [notice] 1#1: built by gcc 14.2.0 (Alpine 14.2.0) 
2025/08/29 22:49:58 [notice] 1#1: OS: Linux 6.10.14-linuxkit
2025/08/29 22:49:58 [notice] 1#1: getrlimit(RLIMIT_NOFILE): 1048576:1048576
2025/08/29 22:49:58 [notice] 1#1: start worker processes
2025/08/29 22:49:58 [notice] 1#1: start worker process 21
2025/08/29 22:49:58 [notice] 1#1: start worker process 22
2025/08/29 22:49:58 [notice] 1#1: start worker process 23
2025/08/29 22:49:58 [notice] 1#1: start worker process 24
2025/08/29 22:49:58 [notice] 1#1: start worker process 25
2025/08/29 22:49:58 [notice] 1#1: start worker process 26
2025/08/29 22:49:58 [notice] 1#1: start worker process 27
2025/08/29 22:49:58 [notice] 1#1: start worker process 28
2025/08/29 22:49:58 [notice] 1#1: start worker process 29
2025/08/29 22:49:58 [notice] 1#1: start worker process 30
2025/08/29 22:49:58 [notice] 1#1: start worker process 31
2025/08/29 22:49:58 [notice] 1#1: start worker process 32
2025/08/29 22:49:58 [notice] 1#1: start cache manager process 33
2025/08/29 22:49:58 [notice] 1#1: start cache loader process 34
2025/08/29 22:50:58 [notice] 34#34: http file cache: /var/cache/nginx/api 0.000M, bsize: 4096
2025/08/29 22:50:58 [notice] 34#34: http file cache: /var/cache/nginx/static 0.000M, bsize: 4096
2025/08/29 22:50:58 [notice] 34#34: http file cache: /var/cache/nginx/images 0.000M, bsize: 4096
2025/08/29 22:50:58 [notice] 1#1: signal 17 (SIGCHLD) received from 34
2025/08/29 22:50:58 [notice] 1#1: cache loader process 34 exited with code 0
2025/08/29 22:50:58 [notice] 1#1: signal 29 (SIGIO) received
2025/08/29 23:18:42 [notice] 1#1: signal 3 (SIGQUIT) received, shutting down
2025/08/29 23:18:42 [notice] 24#24: gracefully shutting down
2025/08/29 23:18:42 [notice] 29#29: gracefully shutting down
2025/08/29 23:18:42 [notice] 21#21: gracefully shutting down
2025/08/29 23:18:42 [notice] 23#23: gracefully shutting down
2025/08/29 23:18:42 [notice] 26#26: gracefully shutting down
2025/08/29 23:18:42 [notice] 22#22: gracefully shutting down
2025/08/29 23:18:42 [notice] 33#33: exiting
2025/08/29 23:18:42 [notice] 27#27: gracefully shutting down
2025/08/29 23:18:42 [notice] 30#30: gracefully shutting down
2025/08/29 23:18:42 [notice] 25#25: gracefully shutting down
2025/08/29 23:18:42 [notice] 28#28: gracefully shutting down
2025/08/29 23:18:42 [notice] 31#31: gracefully shutting down
2025/08/29 23:18:42 [notice] 32#32: gracefully shutting down
2025/08/29 23:18:42 [notice] 21#21: exiting
2025/08/29 23:18:42 [notice] 23#23: exiting
2025/08/29 23:18:42 [notice] 22#22: exiting
2025/08/29 23:18:42 [notice] 26#26: exiting
2025/08/29 23:18:42 [notice] 24#24: exiting
2025/08/29 23:18:42 [notice] 29#29: exiting
2025/08/29 23:18:42 [notice] 30#30: exiting
2025/08/29 23:18:42 [notice] 27#27: exiting
2025/08/29 23:18:42 [notice] 25#25: exiting
2025/08/29 23:18:42 [notice] 32#32: exiting
2025/08/29 23:18:42 [notice] 28#28: exiting
2025/08/29 23:18:42 [notice] 31#31: exiting
2025/08/29 23:18:42 [notice] 23#23: exit
2025/08/29 23:18:42 [notice] 24#24: exit
2025/08/29 23:18:42 [notice] 22#22: exit
2025/08/29 23:18:42 [notice] 21#21: exit
2025/08/29 23:18:42 [notice] 26#26: exit
2025/08/29 23:18:42 [notice] 29#29: exit
2025/08/29 23:18:42 [notice] 30#30: exit
2025/08/29 23:18:42 [notice] 27#27: exit
2025/08/29 23:18:42 [notice] 25#25: exit
2025/08/29 23:18:42 [notice] 31#31: exit
2025/08/29 23:18:42 [notice] 32#32: exit
2025/08/29 23:18:42 [notice] 28#28: exit
2025/08/29 23:18:42 [notice] 1#1: signal 17 (SIGCHLD) received from 27
2025/08/29 23:18:42 [notice] 1#1: worker process 27 exited with code 0
2025/08/29 23:18:42 [notice] 1#1: signal 29 (SIGIO) received
2025/08/29 23:18:42 [notice] 1#1: signal 17 (SIGCHLD) received from 29
2025/08/29 23:18:42 [notice] 1#1: worker process 29 exited with code 0
2025/08/29 23:18:42 [notice] 1#1: cache manager process 33 exited with code 0
2025/08/29 23:18:42 [notice] 1#1: signal 29 (SIGIO) received
2025/08/29 23:18:42 [notice] 1#1: signal 17 (SIGCHLD) received from 24
2025/08/29 23:18:42 [notice] 1#1: worker process 24 exited with code 0
2025/08/29 23:18:42 [notice] 1#1: worker process 25 exited with code 0
2025/08/29 23:18:42 [notice] 1#1: signal 29 (SIGIO) received
2025/08/29 23:18:42 [notice] 1#1: signal 17 (SIGCHLD) received from 26
2025/08/29 23:18:42 [notice] 1#1: worker process 26 exited with code 0
2025/08/29 23:18:42 [notice] 1#1: worker process 22 exited with code 0
2025/08/29 23:18:42 [notice] 1#1: worker process 23 exited with code 0
2025/08/29 23:18:42 [notice] 1#1: worker process 21 exited with code 0
2025/08/29 23:18:42 [notice] 1#1: worker process 28 exited with code 0
2025/08/29 23:18:42 [notice] 1#1: worker process 30 exited with code 0
2025/08/29 23:18:42 [notice] 1#1: worker process 31 exited with code 0
2025/08/29 23:18:42 [notice] 1#1: worker process 32 exited with code 0
2025/08/29 23:18:42 [notice] 1#1: exit
2025/08/29 23:39:25 [notice] 1#1: using the "epoll" event method
2025/08/29 23:39:25 [notice] 1#1: nginx/1.29.1
2025/08/29 23:39:25 [notice] 1#1: built by gcc 14.2.0 (Alpine 14.2.0) 
2025/08/29 23:39:25 [notice] 1#1: OS: Linux 6.10.14-linuxkit
2025/08/29 23:39:25 [notice] 1#1: getrlimit(RLIMIT_NOFILE): 1048576:1048576
2025/08/29 23:39:25 [notice] 1#1: start worker processes
2025/08/29 23:39:25 [notice] 1#1: start worker process 21
2025/08/29 23:39:25 [notice] 1#1: start worker process 22
2025/08/29 23:39:25 [notice] 1#1: start worker process 23
2025/08/29 23:39:25 [notice] 1#1: start worker process 24
2025/08/29 23:39:25 [notice] 1#1: start worker process 25
2025/08/29 23:39:25 [notice] 1#1: start worker process 26
2025/08/29 23:39:25 [notice] 1#1: start worker process 27
2025/08/29 23:39:25 [notice] 1#1: start worker process 28
2025/08/29 23:39:25 [notice] 1#1: start worker process 29
2025/08/29 23:39:25 [notice] 1#1: start worker process 30
2025/08/29 23:39:25 [notice] 1#1: start worker process 31
2025/08/29 23:39:25 [notice] 1#1: start worker process 32
2025/08/29 23:39:25 [notice] 1#1: start cache manager process 33
2025/08/29 23:39:25 [notice] 1#1: start cache loader process 34
2025/08/29 23:40:25 [notice] 34#34: http file cache: /var/cache/nginx/api 0.000M, bsize: 4096
2025/08/29 23:40:25 [notice] 34#34: http file cache: /var/cache/nginx/static 0.000M, bsize: 4096
2025/08/29 23:40:25 [notice] 34#34: http file cache: /var/cache/nginx/images 0.000M, bsize: 4096
2025/08/29 23:40:25 [notice] 1#1: signal 17 (SIGCHLD) received from 34
2025/08/29 23:40:25 [notice] 1#1: cache loader process 34 exited with code 0
2025/08/29 23:40:25 [notice] 1#1: signal 29 (SIGIO) received
2025/08/29 23:46:12 [notice] 1#1: signal 3 (SIGQUIT) received, shutting down
2025/08/29 23:46:12 [notice] 21#21: gracefully shutting down
2025/08/29 23:46:12 [notice] 25#25: gracefully shutting down
2025/08/29 23:46:12 [notice] 22#22: gracefully shutting down
2025/08/29 23:46:12 [notice] 22#22: exiting
2025/08/29 23:46:12 [notice] 23#23: gracefully shutting down
2025/08/29 23:46:12 [notice] 23#23: exiting
2025/08/29 23:46:12 [notice] 24#24: gracefully shutting down
2025/08/29 23:46:12 [notice] 26#26: gracefully shutting down
2025/08/29 23:46:12 [notice] 29#29: gracefully shutting down
2025/08/29 23:46:12 [notice] 28#28: gracefully shutting down
2025/08/29 23:46:12 [notice] 26#26: exiting
2025/08/29 23:46:12 [notice] 33#33: exiting
2025/08/29 23:46:12 [notice] 27#27: gracefully shutting down
2025/08/29 23:46:12 [notice] 32#32: gracefully shutting down
2025/08/29 23:46:12 [notice] 23#23: exit
2025/08/29 23:46:12 [notice] 31#31: gracefully shutting down
2025/08/29 23:46:12 [notice] 30#30: gracefully shutting down
2025/08/29 23:46:12 [notice] 30#30: exiting
2025/08/29 23:46:12 [notice] 21#21: exiting
2025/08/29 23:46:12 [notice] 25#25: exiting
2025/08/29 23:46:12 [notice] 24#24: exiting
2025/08/29 23:46:12 [notice] 29#29: exiting
2025/08/29 23:46:12 [notice] 28#28: exiting
2025/08/29 23:46:12 [notice] 27#27: exiting
2025/08/29 23:46:12 [notice] 26#26: exit
2025/08/29 23:46:12 [notice] 32#32: exiting
2025/08/29 23:46:12 [notice] 22#22: exit
2025/08/29 23:46:12 [notice] 27#27: exit
2025/08/29 23:46:12 [notice] 31#31: exiting
2025/08/29 23:46:12 [notice] 30#30: exit
2025/08/29 23:46:12 [notice] 21#21: exit
2025/08/29 23:46:12 [notice] 25#25: exit
2025/08/29 23:46:12 [notice] 24#24: exit
2025/08/29 23:46:12 [notice] 29#29: exit
2025/08/29 23:46:12 [notice] 28#28: exit
2025/08/29 23:46:12 [notice] 32#32: exit
2025/08/29 23:46:12 [notice] 31#31: exit
2025/08/29 23:46:12 [notice] 1#1: signal 17 (SIGCHLD) received from 22
2025/08/29 23:46:12 [notice] 1#1: worker process 22 exited with code 0
2025/08/29 23:46:12 [notice] 1#1: signal 29 (SIGIO) received
2025/08/29 23:46:12 [notice] 1#1: signal 17 (SIGCHLD) received from 26
2025/08/29 23:46:12 [notice] 1#1: worker process 26 exited with code 0
2025/08/29 23:46:12 [notice] 1#1: signal 29 (SIGIO) received
2025/08/29 23:46:12 [notice] 1#1: signal 17 (SIGCHLD) received from 23
2025/08/29 23:46:12 [notice] 1#1: worker process 21 exited with code 0
2025/08/29 23:46:12 [notice] 1#1: worker process 23 exited with code 0
2025/08/29 23:46:12 [notice] 1#1: worker process 24 exited with code 0
2025/08/29 23:46:12 [notice] 1#1: worker process 25 exited with code 0
2025/08/29 23:46:12 [notice] 1#1: worker process 27 exited with code 0
2025/08/29 23:46:12 [notice] 1#1: worker process 28 exited with code 0
2025/08/29 23:46:12 [notice] 1#1: worker process 29 exited with code 0
2025/08/29 23:46:12 [notice] 1#1: worker process 30 exited with code 0
2025/08/29 23:46:12 [notice] 1#1: worker process 31 exited with code 0
2025/08/29 23:46:12 [notice] 1#1: worker process 32 exited with code 0
2025/08/29 23:46:12 [notice] 1#1: cache manager process 33 exited with code 0
2025/08/29 23:46:12 [notice] 1#1: exit
